<?xml version="1.0" encoding="UTF-8"?>
<!-- Generated by org.testng.reporters.JUnitXMLReporter -->
<testsuite ignored="0" hostname="LAPTOP-KA0708LB" failures="1" tests="3" name="Error Validation Test" time="28.658" errors="0" timestamp="2026-02-25T09:21:05 GMT">
  <testcase classname="MitPatel.Tests.ErrorValidation" name="LoginInErrorValidation" time="0.731">
    <skipped/>
  </testcase> <!-- LoginInErrorValidation -->
  <testcase classname="MitPatel.Tests.ErrorValidation" name="LoginInErrorValidation" time="1.174">
    <failure type="java.lang.AssertionError" message="expected [Incorrect email or password.] but found [Incorrect email password.]">
      <![CDATA[java.lang.AssertionError: expected [Incorrect email or password.] but found [Incorrect email password.]
at MitPatel.Tests.ErrorValidation.LoginInErrorValidation(ErrorValidation.java:20)
at java.base/java.util.ArrayList.forEach(ArrayList.java:1511)
at java.base/java.util.concurrent.FutureTask.run(FutureTask.java:264)
at java.base/java.util.concurrent.ThreadPoolExecutor.runWorker(ThreadPoolExecutor.java:1136)
at java.base/java.util.concurrent.ThreadPoolExecutor$Worker.run(ThreadPoolExecutor.java:635)
at java.base/java.lang.Thread.run(Thread.java:842)
... Removed 23 stack frames]]>
    </failure>
  </testcase> <!-- LoginInErrorValidation -->
  <testcase classname="MitPatel.Tests.ErrorValidation" name="ProductErrorValidation" time="13.986"/>
</testsuite> <!-- Error Validation Test -->
