<?xml version="1.0" encoding="UTF-8"?>
<!-- Generated by org.testng.reporters.JUnitXMLReporter -->
<testsuite ignored="0" hostname="LAPTOP-KA0708LB" failures="0" tests="3" name="Submit Order Test" time="43.354" errors="0" timestamp="2026-02-25T09:21:19 GMT">
  <testcase classname="MitPatel.Tests.PageFactoryActionsTest" name="submitOrderTest" time="15.363"/>
  <testcase classname="MitPatel.Tests.PageFactoryActionsTest" name="submitOrderTest" time="15.405"/>
  <testcase classname="MitPatel.Tests.PageFactoryActionsTest" name="OrderHistoryTest" time="1.149"/>
</testsuite> <!-- Submit Order Test -->
