<?xml version="1.0" encoding="UTF-8"?>
<!-- Generated by org.testng.reporters.JUnitXMLReporter -->
<testsuite ignored="0" hostname="LAPTOP-KA0708LB" failures="1" tests="3" name="Error Validation Test" time="24.633" errors="0" timestamp="2026-02-28T03:27:43 GMT">
  <testcase classname="MitPatel.Tests.ErrorValidation" name="LoginInErrorValidation" time="0.499">
    <skipped/>
  </testcase> <!-- LoginInErrorValidation -->
  <testcase classname="MitPatel.Tests.ErrorValidation" name="LoginInErrorValidation" time="0.461">
    <failure type="java.lang.AssertionError" message="expected [Incorrect email or password.] but found [Incorrect email password.]">
      <![CDATA[java.lang.AssertionError: expected [Incorrect email or password.] but found [Incorrect email password.]
at MitPatel.Tests.ErrorValidation.LoginInErrorValidation(ErrorValidation.java:20)
at java.base/java.util.ArrayList.forEach(ArrayList.java:1604)
at java.base/java.util.concurrent.FutureTask.run(FutureTask.java:328)
at java.base/java.util.concurrent.ThreadPoolExecutor.runWorker(ThreadPoolExecutor.java:1090)
at java.base/java.util.concurrent.ThreadPoolExecutor$Worker.run(ThreadPoolExecutor.java:614)
at java.base/java.lang.Thread.run(Thread.java:1474)
... Removed 21 stack frames]]>
    </failure>
  </testcase> <!-- LoginInErrorValidation -->
  <testcase classname="MitPatel.Tests.ErrorValidation" name="ProductErrorValidation" time="14.06"/>
</testsuite> <!-- Error Validation Test -->
