<?xml version="1.0" encoding="UTF-8"?>
<!-- Generated by org.testng.reporters.JUnitXMLReporter -->
<testsuite ignored="0" hostname="LAPTOP-KA0708LB" failures="0" tests="3" name="Submit Order Test" time="40.372" errors="0" timestamp="2026-02-28T03:27:58 GMT">
  <testcase classname="MitPatel.Tests.PageFactoryActionsTest" name="submitOrderTest" time="14.863"/>
  <testcase classname="MitPatel.Tests.PageFactoryActionsTest" name="submitOrderTest" time="15.009"/>
  <testcase classname="MitPatel.Tests.PageFactoryActionsTest" name="OrderHistoryTest" time="0.848"/>
</testsuite> <!-- Submit Order Test -->
