<?xml version="1.0" encoding="UTF-8"?>
<!-- Generated by org.testng.reporters.JUnitReportReporter -->
<testsuite hostname="LAPTOP-KA0708LB" failures="0" tests="3" name="MitPatel.Tests.PageFactoryActionsTest" time="43.118" errors="0" timestamp="2026-02-25T09:21:19 GMT" skipped="0">
  <testcase classname="MitPatel.Tests.PageFactoryActionsTest" name="submitOrderTest" time="18.898"/>
  <testcase classname="MitPatel.Tests.PageFactoryActionsTest" name="OrderHistoryTest" time="4.444"/>
  <testcase classname="MitPatel.Tests.PageFactoryActionsTest" name="submitOrderTest" time="19.776"/>
</testsuite> <!-- MitPatel.Tests.PageFactoryActionsTest -->
